[debug] [2022-12-14T17:09:03.011Z] ----------------------------------------------------------------------
[debug] [2022-12-14T17:09:03.012Z] Command:       /usr/local/bin/node /usr/local/bin/firebase deploy --only functions
[debug] [2022-12-14T17:09:03.013Z] CLI Version:   11.18.0
[debug] [2022-12-14T17:09:03.013Z] Platform:      darwin
[debug] [2022-12-14T17:09:03.013Z] Node Version:  v16.17.0
[debug] [2022-12-14T17:09:03.017Z] Time:          Wed Dec 14 2022 11:09:03 GMT-0600 (Central Standard Time)
[debug] [2022-12-14T17:09:03.017Z] ----------------------------------------------------------------------
[debug] 
[debug] [2022-12-14T17:09:03.053Z] > command requires scopes: ["email","openid","https://www.googleapis.com/auth/cloudplatformprojects.readonly","https://www.googleapis.com/auth/firebase","https://www.googleapis.com/auth/cloud-platform"]
[debug] [2022-12-14T17:09:03.053Z] > authorizing via signed-in user (jason@merrellworks.com)
[debug] [2022-12-14T17:09:03.053Z] [iam] checking project nova-tools-app for permissions ["cloudfunctions.functions.create","cloudfunctions.functions.delete","cloudfunctions.functions.get","cloudfunctions.functions.list","cloudfunctions.functions.update","cloudfunctions.operations.get","firebase.projects.get"]
[debug] [2022-12-14T17:09:03.054Z] > refreshing access token with scopes: []
[debug] [2022-12-14T17:09:03.055Z] >>> [apiv2][query] POST https://www.googleapis.com/oauth2/v3/token [none]
[debug] [2022-12-14T17:09:03.055Z] >>> [apiv2][body] POST https://www.googleapis.com/oauth2/v3/token [omitted]
[debug] [2022-12-14T17:09:03.295Z] <<< [apiv2][status] POST https://www.googleapis.com/oauth2/v3/token 200
[debug] [2022-12-14T17:09:03.295Z] <<< [apiv2][body] POST https://www.googleapis.com/oauth2/v3/token [omitted]
[debug] [2022-12-14T17:09:03.315Z] >>> [apiv2][query] POST https://cloudresourcemanager.googleapis.com/v1/projects/nova-tools-app:testIamPermissions [none]
[debug] [2022-12-14T17:09:03.315Z] >>> [apiv2][(partial)header] POST https://cloudresourcemanager.googleapis.com/v1/projects/nova-tools-app:testIamPermissions x-goog-quota-user=projects/nova-tools-app
[debug] [2022-12-14T17:09:03.316Z] >>> [apiv2][body] POST https://cloudresourcemanager.googleapis.com/v1/projects/nova-tools-app:testIamPermissions {"permissions":["cloudfunctions.functions.create","cloudfunctions.functions.delete","cloudfunctions.functions.get","cloudfunctions.functions.list","cloudfunctions.functions.update","cloudfunctions.operations.get","firebase.projects.get"]}
[debug] [2022-12-14T17:09:03.545Z] <<< [apiv2][status] POST https://cloudresourcemanager.googleapis.com/v1/projects/nova-tools-app:testIamPermissions 200
[debug] [2022-12-14T17:09:03.545Z] <<< [apiv2][body] POST https://cloudresourcemanager.googleapis.com/v1/projects/nova-tools-app:testIamPermissions {"permissions":["cloudfunctions.functions.create","cloudfunctions.functions.delete","cloudfunctions.functions.get","cloudfunctions.functions.list","cloudfunctions.functions.update","cloudfunctions.operations.get","firebase.projects.get"]}
[debug] [2022-12-14T17:09:03.545Z] >>> [apiv2][query] POST https://iam.googleapis.com/v1/projects/nova-tools-app/serviceAccounts/nova-tools-app@appspot.gserviceaccount.com:testIamPermissions [none]
[debug] [2022-12-14T17:09:03.545Z] >>> [apiv2][body] POST https://iam.googleapis.com/v1/projects/nova-tools-app/serviceAccounts/nova-tools-app@appspot.gserviceaccount.com:testIamPermissions {"permissions":["iam.serviceAccounts.actAs"]}
[debug] [2022-12-14T17:09:03.772Z] <<< [apiv2][status] POST https://iam.googleapis.com/v1/projects/nova-tools-app/serviceAccounts/nova-tools-app@appspot.gserviceaccount.com:testIamPermissions 200
[debug] [2022-12-14T17:09:03.772Z] <<< [apiv2][body] POST https://iam.googleapis.com/v1/projects/nova-tools-app/serviceAccounts/nova-tools-app@appspot.gserviceaccount.com:testIamPermissions {"permissions":["iam.serviceAccounts.actAs"]}
[info] 
[info] === Deploying to 'nova-tools-app'...
[info] 
[info] i  deploying functions 
[info] Running command: npm --prefix "$RESOURCE_DIR" run lint
[info] ✔  functions: Finished running predeploy script. 
[debug] [2022-12-14T17:09:04.280Z] >>> [apiv2][query] GET https://firebase.googleapis.com/v1beta1/projects/nova-tools-app [none]
[debug] [2022-12-14T17:09:04.622Z] <<< [apiv2][status] GET https://firebase.googleapis.com/v1beta1/projects/nova-tools-app 200
[debug] [2022-12-14T17:09:04.622Z] <<< [apiv2][body] GET https://firebase.googleapis.com/v1beta1/projects/nova-tools-app {"projectId":"nova-tools-app","projectNumber":"207953093201","displayName":"Nova Tools App","name":"projects/nova-tools-app","resources":{"hostingSite":"nova-tools-app","realtimeDatabaseInstance":"nova-tools-app-default-rtdb","storageBucket":"nova-tools-app.appspot.com","locationId":"us-central"},"state":"ACTIVE","etag":"1_51ae2ab6-8150-43a0-b3a3-18ee54966540"}
[info] i  functions: ensuring required API cloudfunctions.googleapis.com is enabled... 
[info] i  functions: ensuring required API cloudbuild.googleapis.com is enabled... 
[info] i  artifactregistry: ensuring required API artifactregistry.googleapis.com is enabled... 
[debug] [2022-12-14T17:09:04.623Z] >>> [apiv2][query] GET https://serviceusage.googleapis.com/v1/projects/nova-tools-app/services/cloudfunctions.googleapis.com [none]
[debug] [2022-12-14T17:09:04.623Z] >>> [apiv2][(partial)header] GET https://serviceusage.googleapis.com/v1/projects/nova-tools-app/services/cloudfunctions.googleapis.com x-goog-quota-user=projects/nova-tools-app
[debug] [2022-12-14T17:09:04.623Z] >>> [apiv2][query] GET https://serviceusage.googleapis.com/v1/projects/nova-tools-app/services/runtimeconfig.googleapis.com [none]
[debug] [2022-12-14T17:09:04.623Z] >>> [apiv2][(partial)header] GET https://serviceusage.googleapis.com/v1/projects/nova-tools-app/services/runtimeconfig.googleapis.com x-goog-quota-user=projects/nova-tools-app
[debug] [2022-12-14T17:09:04.624Z] >>> [apiv2][query] GET https://serviceusage.googleapis.com/v1/projects/nova-tools-app/services/cloudbuild.googleapis.com [none]
[debug] [2022-12-14T17:09:04.624Z] >>> [apiv2][(partial)header] GET https://serviceusage.googleapis.com/v1/projects/nova-tools-app/services/cloudbuild.googleapis.com x-goog-quota-user=projects/nova-tools-app
[debug] [2022-12-14T17:09:04.624Z] >>> [apiv2][query] GET https://serviceusage.googleapis.com/v1/projects/nova-tools-app/services/artifactregistry.googleapis.com [none]
[debug] [2022-12-14T17:09:04.624Z] >>> [apiv2][(partial)header] GET https://serviceusage.googleapis.com/v1/projects/nova-tools-app/services/artifactregistry.googleapis.com x-goog-quota-user=projects/nova-tools-app
[debug] [2022-12-14T17:09:04.945Z] <<< [apiv2][status] GET https://serviceusage.googleapis.com/v1/projects/nova-tools-app/services/artifactregistry.googleapis.com 200
[debug] [2022-12-14T17:09:04.945Z] <<< [apiv2][body] GET https://serviceusage.googleapis.com/v1/projects/nova-tools-app/services/artifactregistry.googleapis.com [omitted]
[info] ✔  artifactregistry: required API artifactregistry.googleapis.com is enabled 
[debug] [2022-12-14T17:09:04.946Z] <<< [apiv2][status] GET https://serviceusage.googleapis.com/v1/projects/nova-tools-app/services/cloudbuild.googleapis.com 200
[debug] [2022-12-14T17:09:04.946Z] <<< [apiv2][body] GET https://serviceusage.googleapis.com/v1/projects/nova-tools-app/services/cloudbuild.googleapis.com [omitted]
[info] ✔  functions: required API cloudbuild.googleapis.com is enabled 
[debug] [2022-12-14T17:09:04.967Z] <<< [apiv2][status] GET https://serviceusage.googleapis.com/v1/projects/nova-tools-app/services/cloudfunctions.googleapis.com 200
[debug] [2022-12-14T17:09:04.967Z] <<< [apiv2][body] GET https://serviceusage.googleapis.com/v1/projects/nova-tools-app/services/cloudfunctions.googleapis.com [omitted]
[info] ✔  functions: required API cloudfunctions.googleapis.com is enabled 
[debug] [2022-12-14T17:09:05.109Z] <<< [apiv2][status] GET https://serviceusage.googleapis.com/v1/projects/nova-tools-app/services/runtimeconfig.googleapis.com 200
[debug] [2022-12-14T17:09:05.109Z] <<< [apiv2][body] GET https://serviceusage.googleapis.com/v1/projects/nova-tools-app/services/runtimeconfig.googleapis.com [omitted]
[debug] [2022-12-14T17:09:05.110Z] >>> [apiv2][query] GET https://firebase.googleapis.com/v1beta1/projects/nova-tools-app/adminSdkConfig [none]
[debug] [2022-12-14T17:09:05.417Z] <<< [apiv2][status] GET https://firebase.googleapis.com/v1beta1/projects/nova-tools-app/adminSdkConfig 200
[debug] [2022-12-14T17:09:05.417Z] <<< [apiv2][body] GET https://firebase.googleapis.com/v1beta1/projects/nova-tools-app/adminSdkConfig {"projectId":"nova-tools-app","databaseURL":"https://nova-tools-app-default-rtdb.firebaseio.com","storageBucket":"nova-tools-app.appspot.com","locationId":"us-central"}
[debug] [2022-12-14T17:09:05.417Z] >>> [apiv2][query] GET https://runtimeconfig.googleapis.com/v1beta1/projects/nova-tools-app/configs [none]
[debug] [2022-12-14T17:09:05.796Z] <<< [apiv2][status] GET https://runtimeconfig.googleapis.com/v1beta1/projects/nova-tools-app/configs 200
[debug] [2022-12-14T17:09:05.796Z] <<< [apiv2][body] GET https://runtimeconfig.googleapis.com/v1beta1/projects/nova-tools-app/configs {}
[info] i  functions: preparing codebase default for deployment 
[debug] [2022-12-14T17:09:05.798Z] Validating nodejs source
[warn] ⚠  functions: package.json indicates an outdated version of firebase-functions. Please upgrade using npm install --save firebase-functions@latest in your functions directory. 
[debug] [2022-12-14T17:09:06.492Z] > [functions] package.json contents: {
  "name": "functions",
  "description": "Cloud Functions for Firebase",
  "scripts": {
    "serve": "firebase serve --only functions",
    "shell": "firebase functions:shell",
    "start": "npm run shell",
    "deploy": "firebase deploy --only functions",
    "logs": "firebase functions:log",
    "lint": "eslint"
  },
  "engines": {
    "node": "12"
  },
  "dependencies": {
    "axios": "^1.1.3",
    "cookie-parser": "^1.4.5",
    "cookie-session": "^1.4.0",
    "eslint": "^8.26.0",
    "express": "^4.17.1",
    "express-session": "^1.17.1",
    "firebase": "^8.10.1",
    "firebase-admin": "^11.3.0",
    "firebase-functions": "^4.1.0",
    "github-api": "^3.4.0",
    "passport": "^0.4.1",
    "passport-discord": "^0.1.4",
    "passport-github2": "^0.1.12"
  },
  "devDependencies": {
    "firebase-functions-test": "^0.2.3"
  },
  "private": true
}
[debug] [2022-12-14T17:09:06.492Z] Building nodejs source
[debug] [2022-12-14T17:09:06.493Z] Could not find functions.yaml. Must use http discovery
[debug] [2022-12-14T17:09:06.615Z] Serving at port 9005

[debug] [2022-12-14T17:09:06.900Z] Got response from /__/functions.yaml {"endpoints":{"api":{"platform":"gcfv1","availableMemoryMb":null,"timeoutSeconds":null,"minInstances":null,"maxInstances":null,"ingressSettings":null,"serviceAccountEmail":null,"vpc":null,"httpsTrigger":{},"entryPoint":"api"}},"specVersion":"v1alpha1","requiredAPIs":[]}
[debug] [2022-12-14T17:09:06.904Z] shutdown requested via /__/quitquitquit

[info] i  functions: preparing functions directory for uploading... 
[info] i  functions: packaged /Users/jasonmerrell/github/nova-portal-react/functions (110.66 KB) for uploading 
[debug] [2022-12-14T17:09:06.942Z] >>> [apiv2][query] GET https://cloudfunctions.googleapis.com/v1/projects/nova-tools-app/locations/-/functions [none]
[debug] [2022-12-14T17:09:07.695Z] <<< [apiv2][status] GET https://cloudfunctions.googleapis.com/v1/projects/nova-tools-app/locations/-/functions 200
[debug] [2022-12-14T17:09:07.695Z] <<< [apiv2][body] GET https://cloudfunctions.googleapis.com/v1/projects/nova-tools-app/locations/-/functions {"functions":[{"name":"projects/nova-tools-app/locations/us-central1/functions/api","httpsTrigger":{"url":"https://us-central1-nova-tools-app.cloudfunctions.net/api","securityLevel":"SECURE_ALWAYS"},"status":"OFFLINE","entryPoint":"api","timeout":"60s","availableMemoryMb":256,"serviceAccountEmail":"nova-tools-app@appspot.gserviceaccount.com","updateTime":"2022-12-09T21:08:20.544Z","versionId":"1","labels":{"deployment-tool":"cli-firebase"},"sourceUploadUrl":"https://storage.googleapis.com/uploads-769383241299.us-central1.cloudfunctions.appspot.com/44d85905-7850-455a-ba69-15dbbe0283f6.zip","environmentVariables":{"FIREBASE_CONFIG":"{\"projectId\":\"nova-tools-app\",\"databaseURL\":\"https://nova-tools-app-default-rtdb.firebaseio.com\",\"storageBucket\":\"nova-tools-app.appspot.com\",\"locationId\":\"us-central\"}","GCLOUD_PROJECT":"nova-tools-app"},"runtime":"nodejs12","ingressSettings":"ALLOW_ALL","buildId":"f221525e-521c-45ad-99f1-3ccfda704507","buildName":"projects/207953093201/locations/us-central1/builds/f221525e-521c-45ad-99f1-3ccfda704507","dockerRegistry":"ARTIFACT_REGISTRY"}]}
[debug] [2022-12-14T17:09:07.696Z] >>> [apiv2][query] GET https://cloudfunctions.googleapis.com/v2/projects/nova-tools-app/locations/-/functions filter=environment%3D%22GEN_2%22
[debug] [2022-12-14T17:09:08.201Z] <<< [apiv2][status] GET https://cloudfunctions.googleapis.com/v2/projects/nova-tools-app/locations/-/functions 200
[debug] [2022-12-14T17:09:08.201Z] <<< [apiv2][body] GET https://cloudfunctions.googleapis.com/v2/projects/nova-tools-app/locations/-/functions {}
[debug] [2022-12-14T17:09:08.206Z] >>> [apiv2][query] GET https://firebase.googleapis.com/v1beta1/projects/nova-tools-app [none]
[debug] [2022-12-14T17:09:08.444Z] <<< [apiv2][status] GET https://firebase.googleapis.com/v1beta1/projects/nova-tools-app 200
[debug] [2022-12-14T17:09:08.444Z] <<< [apiv2][body] GET https://firebase.googleapis.com/v1beta1/projects/nova-tools-app {"projectId":"nova-tools-app","projectNumber":"207953093201","displayName":"Nova Tools App","name":"projects/nova-tools-app","resources":{"hostingSite":"nova-tools-app","realtimeDatabaseInstance":"nova-tools-app-default-rtdb","storageBucket":"nova-tools-app.appspot.com","locationId":"us-central"},"state":"ACTIVE","etag":"1_51ae2ab6-8150-43a0-b3a3-18ee54966540"}
[debug] [2022-12-14T17:09:08.446Z] >>> [apiv2][query] POST https://cloudfunctions.googleapis.com/v1/projects/nova-tools-app/locations/us-central1/functions:generateUploadUrl [none]
[debug] [2022-12-14T17:09:08.446Z] >>> [apiv2][body] POST https://cloudfunctions.googleapis.com/v1/projects/nova-tools-app/locations/us-central1/functions:generateUploadUrl {}
[debug] [2022-12-14T17:09:09.056Z] <<< [apiv2][status] POST https://cloudfunctions.googleapis.com/v1/projects/nova-tools-app/locations/us-central1/functions:generateUploadUrl 200
[debug] [2022-12-14T17:09:09.056Z] <<< [apiv2][body] POST https://cloudfunctions.googleapis.com/v1/projects/nova-tools-app/locations/us-central1/functions:generateUploadUrl {"uploadUrl":"https://storage.googleapis.com/uploads-769383241299.us-central1.cloudfunctions.appspot.com/38eb39fa-fad6-4b3e-8926-f8f6c8fae38e.zip?GoogleAccessId=service-207953093201@gcf-admin-robot.iam.gserviceaccount.com&Expires=1671039549&Signature=uxfZBMJGviW2YjtMIVlCuHIcCvngIk%2F7XXeKq5GJONsLcGxL7Zf90sg5CrVacAXsjA985Ff3HkLslmtlqT5h4T%2BshXf8JvHS8a3OV6nTPQPnCCTtCtL7oIColo6poNYO45TDNItQ1Narz0YqeYyF6Q9on%2Fu0c7IJfjbUWdKItnApBPQUm8wa2zWtI6MpPg%2BMUe%2BsZcnpp1ASiQoBL51l6oBGUDC0X1elr%2F79tBii4CT%2F6%2B%2Bef9UbwWaXF2A%2B7oV1iZtKzBJbCu5I58kcLoXvhe9OT62KjcWZ3bkqwklLAdJ6Z95H5ISC8uu9kiO95sSbx48NwHxp9I2mki85plQOfw%3D%3D"}
[debug] [2022-12-14T17:09:09.057Z] >>> [apiv2][query] PUT https://storage.googleapis.com/uploads-769383241299.us-central1.cloudfunctions.appspot.com/38eb39fa-fad6-4b3e-8926-f8f6c8fae38e.zip GoogleAccessId=service-207953093201%40gcf-admin-robot.iam.gserviceaccount.com&Expires=1671039549&Signature=uxfZBMJGviW2YjtMIVlCuHIcCvngIk%2F7XXeKq5GJONsLcGxL7Zf90sg5CrVacAXsjA985Ff3HkLslmtlqT5h4T%2BshXf8JvHS8a3OV6nTPQPnCCTtCtL7oIColo6poNYO45TDNItQ1Narz0YqeYyF6Q9on%2Fu0c7IJfjbUWdKItnApBPQUm8wa2zWtI6MpPg%2BMUe%2BsZcnpp1ASiQoBL51l6oBGUDC0X1elr%2F79tBii4CT%2F6%2B%2Bef9UbwWaXF2A%2B7oV1iZtKzBJbCu5I58kcLoXvhe9OT62KjcWZ3bkqwklLAdJ6Z95H5ISC8uu9kiO95sSbx48NwHxp9I2mki85plQOfw%3D%3D
[debug] [2022-12-14T17:09:09.057Z] >>> [apiv2][body] PUT https://storage.googleapis.com/uploads-769383241299.us-central1.cloudfunctions.appspot.com/38eb39fa-fad6-4b3e-8926-f8f6c8fae38e.zip [stream]
[debug] [2022-12-14T17:09:09.426Z] <<< [apiv2][status] PUT https://storage.googleapis.com/uploads-769383241299.us-central1.cloudfunctions.appspot.com/38eb39fa-fad6-4b3e-8926-f8f6c8fae38e.zip 200
[debug] [2022-12-14T17:09:09.427Z] <<< [apiv2][body] PUT https://storage.googleapis.com/uploads-769383241299.us-central1.cloudfunctions.appspot.com/38eb39fa-fad6-4b3e-8926-f8f6c8fae38e.zip [omitted]
[info] ✔  functions: functions folder uploaded successfully 
[info] i  functions: updating Node.js 12 function api(us-central1)... 
[debug] [2022-12-14T17:09:09.431Z] >>> [apiv2][query] PATCH https://cloudfunctions.googleapis.com/v1/projects/nova-tools-app/locations/us-central1/functions/api updateMask=name%2CsourceUploadUrl%2CentryPoint%2Cruntime%2CdockerRegistry%2Clabels%2ChttpsTrigger.securityLevel%2CminInstances%2CmaxInstances%2CingressSettings%2CenvironmentVariables%2CserviceAccountEmail%2CavailableMemoryMb%2Ctimeout%2CvpcConnector%2CvpcConnectorEgressSettings%2CsourceToken
[debug] [2022-12-14T17:09:09.431Z] >>> [apiv2][body] PATCH https://cloudfunctions.googleapis.com/v1/projects/nova-tools-app/locations/us-central1/functions/api {"name":"projects/nova-tools-app/locations/us-central1/functions/api","sourceUploadUrl":"https://storage.googleapis.com/uploads-769383241299.us-central1.cloudfunctions.appspot.com/38eb39fa-fad6-4b3e-8926-f8f6c8fae38e.zip?GoogleAccessId=service-207953093201@gcf-admin-robot.iam.gserviceaccount.com&Expires=1671039549&Signature=uxfZBMJGviW2YjtMIVlCuHIcCvngIk%2F7XXeKq5GJONsLcGxL7Zf90sg5CrVacAXsjA985Ff3HkLslmtlqT5h4T%2BshXf8JvHS8a3OV6nTPQPnCCTtCtL7oIColo6poNYO45TDNItQ1Narz0YqeYyF6Q9on%2Fu0c7IJfjbUWdKItnApBPQUm8wa2zWtI6MpPg%2BMUe%2BsZcnpp1ASiQoBL51l6oBGUDC0X1elr%2F79tBii4CT%2F6%2B%2Bef9UbwWaXF2A%2B7oV1iZtKzBJbCu5I58kcLoXvhe9OT62KjcWZ3bkqwklLAdJ6Z95H5ISC8uu9kiO95sSbx48NwHxp9I2mki85plQOfw%3D%3D","entryPoint":"api","runtime":"nodejs12","dockerRegistry":"ARTIFACT_REGISTRY","labels":{"deployment-tool":"cli-firebase","firebase-functions-hash":"4a7217b2d200c3f281422b2fffb83e4b0501aeed"},"httpsTrigger":{"securityLevel":"SECURE_ALWAYS"},"minInstances":null,"maxInstances":null,"ingressSettings":null,"environmentVariables":{"FIREBASE_CONFIG":"{\"projectId\":\"nova-tools-app\",\"databaseURL\":\"https://nova-tools-app-default-rtdb.firebaseio.com\",\"storageBucket\":\"nova-tools-app.appspot.com\",\"locationId\":\"us-central\"}","GCLOUD_PROJECT":"nova-tools-app","EVENTARC_CLOUD_EVENT_SOURCE":"projects/nova-tools-app/locations/us-central1/functions/api"},"serviceAccountEmail":null,"availableMemoryMb":null,"timeout":null,"vpcConnector":null,"vpcConnectorEgressSettings":null}
[debug] [2022-12-14T17:09:10.162Z] <<< [apiv2][status] PATCH https://cloudfunctions.googleapis.com/v1/projects/nova-tools-app/locations/us-central1/functions/api 200
[debug] [2022-12-14T17:09:10.162Z] <<< [apiv2][body] PATCH https://cloudfunctions.googleapis.com/v1/projects/nova-tools-app/locations/us-central1/functions/api {"name":"operations/bm92YS10b29scy1hcHAvdXMtY2VudHJhbDEvYXBpL3VzeUtWUUhuMWhN","metadata":{"@type":"type.googleapis.com/google.cloud.functions.v1.OperationMetadataV1","target":"projects/nova-tools-app/locations/us-central1/functions/api","type":"UPDATE_FUNCTION","request":{"@type":"type.googleapis.com/google.cloud.functions.v1.CloudFunction","name":"projects/nova-tools-app/locations/us-central1/functions/api","httpsTrigger":{"url":"https://us-central1-nova-tools-app.cloudfunctions.net/api","securityLevel":"SECURE_ALWAYS"},"status":"OFFLINE","entryPoint":"api","updateTime":"2022-12-09T21:08:20.544Z","versionId":"1","labels":{"deployment-tool":"cli-firebase","firebase-functions-hash":"4a7217b2d200c3f281422b2fffb83e4b0501aeed"},"sourceUploadUrl":"https://storage.googleapis.com/uploads-769383241299.us-central1.cloudfunctions.appspot.com/38eb39fa-fad6-4b3e-8926-f8f6c8fae38e.zip?GoogleAccessId=service-207953093201@gcf-admin-robot.iam.gserviceaccount.com&Expires=1671039549&Signature=uxfZBMJGviW2YjtMIVlCuHIcCvngIk%2F7XXeKq5GJONsLcGxL7Zf90sg5CrVacAXsjA985Ff3HkLslmtlqT5h4T%2BshXf8JvHS8a3OV6nTPQPnCCTtCtL7oIColo6poNYO45TDNItQ1Narz0YqeYyF6Q9on%2Fu0c7IJfjbUWdKItnApBPQUm8wa2zWtI6MpPg%2BMUe%2BsZcnpp1ASiQoBL51l6oBGUDC0X1elr%2F79tBii4CT%2F6%2B%2Bef9UbwWaXF2A%2B7oV1iZtKzBJbCu5I58kcLoXvhe9OT62KjcWZ3bkqwklLAdJ6Z95H5ISC8uu9kiO95sSbx48NwHxp9I2mki85plQOfw%3D%3D","environmentVariables":{"FIREBASE_CONFIG":"{\"projectId\":\"nova-tools-app\",\"databaseURL\":\"https://nova-tools-app-default-rtdb.firebaseio.com\",\"storageBucket\":\"nova-tools-app.appspot.com\",\"locationId\":\"us-central\"}","GCLOUD_PROJECT":"nova-tools-app","EVENTARC_CLOUD_EVENT_SOURCE":"projects/nova-tools-app/locations/us-central1/functions/api"},"runtime":"nodejs12","buildId":"f221525e-521c-45ad-99f1-3ccfda704507","buildName":"projects/207953093201/locations/us-central1/builds/f221525e-521c-45ad-99f1-3ccfda704507","dockerRegistry":"ARTIFACT_REGISTRY"},"versionId":"2","updateTime":"2022-12-14T17:09:10Z"}}
[debug] [2022-12-14T17:09:10.163Z] >>> [apiv2][query] GET https://cloudfunctions.googleapis.com/v1/operations/bm92YS10b29scy1hcHAvdXMtY2VudHJhbDEvYXBpL3VzeUtWUUhuMWhN [none]
[debug] [2022-12-14T17:09:10.381Z] <<< [apiv2][status] GET https://cloudfunctions.googleapis.com/v1/operations/bm92YS10b29scy1hcHAvdXMtY2VudHJhbDEvYXBpL3VzeUtWUUhuMWhN 200
[debug] [2022-12-14T17:09:10.381Z] <<< [apiv2][body] GET https://cloudfunctions.googleapis.com/v1/operations/bm92YS10b29scy1hcHAvdXMtY2VudHJhbDEvYXBpL3VzeUtWUUhuMWhN {"name":"operations/bm92YS10b29scy1hcHAvdXMtY2VudHJhbDEvYXBpL3VzeUtWUUhuMWhN","metadata":{"@type":"type.googleapis.com/google.cloud.functions.v1.OperationMetadataV1","target":"projects/nova-tools-app/locations/us-central1/functions/api","type":"UPDATE_FUNCTION","request":{"@type":"type.googleapis.com/google.cloud.functions.v1.CloudFunction","name":"projects/nova-tools-app/locations/us-central1/functions/api","httpsTrigger":{"url":"https://us-central1-nova-tools-app.cloudfunctions.net/api","securityLevel":"SECURE_ALWAYS"},"status":"OFFLINE","entryPoint":"api","updateTime":"2022-12-09T21:08:20.544Z","versionId":"1","labels":{"deployment-tool":"cli-firebase","firebase-functions-hash":"4a7217b2d200c3f281422b2fffb83e4b0501aeed"},"sourceUploadUrl":"https://storage.googleapis.com/uploads-769383241299.us-central1.cloudfunctions.appspot.com/38eb39fa-fad6-4b3e-8926-f8f6c8fae38e.zip?GoogleAccessId=service-207953093201@gcf-admin-robot.iam.gserviceaccount.com&Expires=1671039549&Signature=uxfZBMJGviW2YjtMIVlCuHIcCvngIk%2F7XXeKq5GJONsLcGxL7Zf90sg5CrVacAXsjA985Ff3HkLslmtlqT5h4T%2BshXf8JvHS8a3OV6nTPQPnCCTtCtL7oIColo6poNYO45TDNItQ1Narz0YqeYyF6Q9on%2Fu0c7IJfjbUWdKItnApBPQUm8wa2zWtI6MpPg%2BMUe%2BsZcnpp1ASiQoBL51l6oBGUDC0X1elr%2F79tBii4CT%2F6%2B%2Bef9UbwWaXF2A%2B7oV1iZtKzBJbCu5I58kcLoXvhe9OT62KjcWZ3bkqwklLAdJ6Z95H5ISC8uu9kiO95sSbx48NwHxp9I2mki85plQOfw%3D%3D","environmentVariables":{"FIREBASE_CONFIG":"{\"projectId\":\"nova-tools-app\",\"databaseURL\":\"https://nova-tools-app-default-rtdb.firebaseio.com\",\"storageBucket\":\"nova-tools-app.appspot.com\",\"locationId\":\"us-central\"}","GCLOUD_PROJECT":"nova-tools-app","EVENTARC_CLOUD_EVENT_SOURCE":"projects/nova-tools-app/locations/us-central1/functions/api"},"runtime":"nodejs12","buildId":"f221525e-521c-45ad-99f1-3ccfda704507","buildName":"projects/207953093201/locations/us-central1/builds/f221525e-521c-45ad-99f1-3ccfda704507","dockerRegistry":"ARTIFACT_REGISTRY"},"versionId":"2","updateTime":"2022-12-14T17:09:10Z"}}
[debug] [2022-12-14T17:09:10.883Z] [update-default-us-central1-api] Retrying task index 0
[debug] [2022-12-14T17:09:10.884Z] >>> [apiv2][query] GET https://cloudfunctions.googleapis.com/v1/operations/bm92YS10b29scy1hcHAvdXMtY2VudHJhbDEvYXBpL3VzeUtWUUhuMWhN [none]
[debug] [2022-12-14T17:09:11.174Z] <<< [apiv2][status] GET https://cloudfunctions.googleapis.com/v1/operations/bm92YS10b29scy1hcHAvdXMtY2VudHJhbDEvYXBpL3VzeUtWUUhuMWhN 200
[debug] [2022-12-14T17:09:11.174Z] <<< [apiv2][body] GET https://cloudfunctions.googleapis.com/v1/operations/bm92YS10b29scy1hcHAvdXMtY2VudHJhbDEvYXBpL3VzeUtWUUhuMWhN {"name":"operations/bm92YS10b29scy1hcHAvdXMtY2VudHJhbDEvYXBpL3VzeUtWUUhuMWhN","metadata":{"@type":"type.googleapis.com/google.cloud.functions.v1.OperationMetadataV1","target":"projects/nova-tools-app/locations/us-central1/functions/api","type":"UPDATE_FUNCTION","request":{"@type":"type.googleapis.com/google.cloud.functions.v1.CloudFunction","name":"projects/nova-tools-app/locations/us-central1/functions/api","httpsTrigger":{"url":"https://us-central1-nova-tools-app.cloudfunctions.net/api","securityLevel":"SECURE_ALWAYS"},"status":"OFFLINE","entryPoint":"api","updateTime":"2022-12-09T21:08:20.544Z","versionId":"1","labels":{"deployment-tool":"cli-firebase","firebase-functions-hash":"4a7217b2d200c3f281422b2fffb83e4b0501aeed"},"sourceUploadUrl":"https://storage.googleapis.com/uploads-769383241299.us-central1.cloudfunctions.appspot.com/38eb39fa-fad6-4b3e-8926-f8f6c8fae38e.zip?GoogleAccessId=service-207953093201@gcf-admin-robot.iam.gserviceaccount.com&Expires=1671039549&Signature=uxfZBMJGviW2YjtMIVlCuHIcCvngIk%2F7XXeKq5GJONsLcGxL7Zf90sg5CrVacAXsjA985Ff3HkLslmtlqT5h4T%2BshXf8JvHS8a3OV6nTPQPnCCTtCtL7oIColo6poNYO45TDNItQ1Narz0YqeYyF6Q9on%2Fu0c7IJfjbUWdKItnApBPQUm8wa2zWtI6MpPg%2BMUe%2BsZcnpp1ASiQoBL51l6oBGUDC0X1elr%2F79tBii4CT%2F6%2B%2Bef9UbwWaXF2A%2B7oV1iZtKzBJbCu5I58kcLoXvhe9OT62KjcWZ3bkqwklLAdJ6Z95H5ISC8uu9kiO95sSbx48NwHxp9I2mki85plQOfw%3D%3D","environmentVariables":{"FIREBASE_CONFIG":"{\"projectId\":\"nova-tools-app\",\"databaseURL\":\"https://nova-tools-app-default-rtdb.firebaseio.com\",\"storageBucket\":\"nova-tools-app.appspot.com\",\"locationId\":\"us-central\"}","GCLOUD_PROJECT":"nova-tools-app","EVENTARC_CLOUD_EVENT_SOURCE":"projects/nova-tools-app/locations/us-central1/functions/api"},"runtime":"nodejs12","buildId":"f221525e-521c-45ad-99f1-3ccfda704507","buildName":"projects/207953093201/locations/us-central1/builds/f221525e-521c-45ad-99f1-3ccfda704507","dockerRegistry":"ARTIFACT_REGISTRY"},"versionId":"2","updateTime":"2022-12-14T17:09:10Z"}}
[debug] [2022-12-14T17:09:12.175Z] [update-default-us-central1-api] Retrying task index 0
[debug] [2022-12-14T17:09:12.176Z] >>> [apiv2][query] GET https://cloudfunctions.googleapis.com/v1/operations/bm92YS10b29scy1hcHAvdXMtY2VudHJhbDEvYXBpL3VzeUtWUUhuMWhN [none]
[debug] [2022-12-14T17:09:12.695Z] <<< [apiv2][status] GET https://cloudfunctions.googleapis.com/v1/operations/bm92YS10b29scy1hcHAvdXMtY2VudHJhbDEvYXBpL3VzeUtWUUhuMWhN 200
[debug] [2022-12-14T17:09:12.695Z] <<< [apiv2][body] GET https://cloudfunctions.googleapis.com/v1/operations/bm92YS10b29scy1hcHAvdXMtY2VudHJhbDEvYXBpL3VzeUtWUUhuMWhN {"name":"operations/bm92YS10b29scy1hcHAvdXMtY2VudHJhbDEvYXBpL3VzeUtWUUhuMWhN","metadata":{"@type":"type.googleapis.com/google.cloud.functions.v1.OperationMetadataV1","target":"projects/nova-tools-app/locations/us-central1/functions/api","type":"UPDATE_FUNCTION","request":{"@type":"type.googleapis.com/google.cloud.functions.v1.CloudFunction","name":"projects/nova-tools-app/locations/us-central1/functions/api","httpsTrigger":{"url":"https://us-central1-nova-tools-app.cloudfunctions.net/api","securityLevel":"SECURE_ALWAYS"},"status":"OFFLINE","entryPoint":"api","updateTime":"2022-12-09T21:08:20.544Z","versionId":"1","labels":{"deployment-tool":"cli-firebase","firebase-functions-hash":"4a7217b2d200c3f281422b2fffb83e4b0501aeed"},"sourceUploadUrl":"https://storage.googleapis.com/uploads-769383241299.us-central1.cloudfunctions.appspot.com/38eb39fa-fad6-4b3e-8926-f8f6c8fae38e.zip?GoogleAccessId=service-207953093201@gcf-admin-robot.iam.gserviceaccount.com&Expires=1671039549&Signature=uxfZBMJGviW2YjtMIVlCuHIcCvngIk%2F7XXeKq5GJONsLcGxL7Zf90sg5CrVacAXsjA985Ff3HkLslmtlqT5h4T%2BshXf8JvHS8a3OV6nTPQPnCCTtCtL7oIColo6poNYO45TDNItQ1Narz0YqeYyF6Q9on%2Fu0c7IJfjbUWdKItnApBPQUm8wa2zWtI6MpPg%2BMUe%2BsZcnpp1ASiQoBL51l6oBGUDC0X1elr%2F79tBii4CT%2F6%2B%2Bef9UbwWaXF2A%2B7oV1iZtKzBJbCu5I58kcLoXvhe9OT62KjcWZ3bkqwklLAdJ6Z95H5ISC8uu9kiO95sSbx48NwHxp9I2mki85plQOfw%3D%3D","environmentVariables":{"FIREBASE_CONFIG":"{\"projectId\":\"nova-tools-app\",\"databaseURL\":\"https://nova-tools-app-default-rtdb.firebaseio.com\",\"storageBucket\":\"nova-tools-app.appspot.com\",\"locationId\":\"us-central\"}","GCLOUD_PROJECT":"nova-tools-app","EVENTARC_CLOUD_EVENT_SOURCE":"projects/nova-tools-app/locations/us-central1/functions/api"},"runtime":"nodejs12","buildId":"f221525e-521c-45ad-99f1-3ccfda704507","buildName":"projects/207953093201/locations/us-central1/builds/f221525e-521c-45ad-99f1-3ccfda704507","dockerRegistry":"ARTIFACT_REGISTRY"},"versionId":"2","updateTime":"2022-12-14T17:09:10Z","buildId":"90e70747-2a25-428d-98c6-3f3e892026a6","buildName":"projects/207953093201/locations/us-central1/builds/90e70747-2a25-428d-98c6-3f3e892026a6"}}
[debug] [2022-12-14T17:09:14.697Z] [update-default-us-central1-api] Retrying task index 0
[debug] [2022-12-14T17:09:14.697Z] >>> [apiv2][query] GET https://cloudfunctions.googleapis.com/v1/operations/bm92YS10b29scy1hcHAvdXMtY2VudHJhbDEvYXBpL3VzeUtWUUhuMWhN [none]
[debug] [2022-12-14T17:09:15.098Z] <<< [apiv2][status] GET https://cloudfunctions.googleapis.com/v1/operations/bm92YS10b29scy1hcHAvdXMtY2VudHJhbDEvYXBpL3VzeUtWUUhuMWhN 200
[debug] [2022-12-14T17:09:15.098Z] <<< [apiv2][body] GET https://cloudfunctions.googleapis.com/v1/operations/bm92YS10b29scy1hcHAvdXMtY2VudHJhbDEvYXBpL3VzeUtWUUhuMWhN {"name":"operations/bm92YS10b29scy1hcHAvdXMtY2VudHJhbDEvYXBpL3VzeUtWUUhuMWhN","metadata":{"@type":"type.googleapis.com/google.cloud.functions.v1.OperationMetadataV1","target":"projects/nova-tools-app/locations/us-central1/functions/api","type":"UPDATE_FUNCTION","request":{"@type":"type.googleapis.com/google.cloud.functions.v1.CloudFunction","name":"projects/nova-tools-app/locations/us-central1/functions/api","httpsTrigger":{"url":"https://us-central1-nova-tools-app.cloudfunctions.net/api","securityLevel":"SECURE_ALWAYS"},"status":"OFFLINE","entryPoint":"api","updateTime":"2022-12-09T21:08:20.544Z","versionId":"1","labels":{"deployment-tool":"cli-firebase","firebase-functions-hash":"4a7217b2d200c3f281422b2fffb83e4b0501aeed"},"sourceUploadUrl":"https://storage.googleapis.com/uploads-769383241299.us-central1.cloudfunctions.appspot.com/38eb39fa-fad6-4b3e-8926-f8f6c8fae38e.zip?GoogleAccessId=service-207953093201@gcf-admin-robot.iam.gserviceaccount.com&Expires=1671039549&Signature=uxfZBMJGviW2YjtMIVlCuHIcCvngIk%2F7XXeKq5GJONsLcGxL7Zf90sg5CrVacAXsjA985Ff3HkLslmtlqT5h4T%2BshXf8JvHS8a3OV6nTPQPnCCTtCtL7oIColo6poNYO45TDNItQ1Narz0YqeYyF6Q9on%2Fu0c7IJfjbUWdKItnApBPQUm8wa2zWtI6MpPg%2BMUe%2BsZcnpp1ASiQoBL51l6oBGUDC0X1elr%2F79tBii4CT%2F6%2B%2Bef9UbwWaXF2A%2B7oV1iZtKzBJbCu5I58kcLoXvhe9OT62KjcWZ3bkqwklLAdJ6Z95H5ISC8uu9kiO95sSbx48NwHxp9I2mki85plQOfw%3D%3D","environmentVariables":{"FIREBASE_CONFIG":"{\"projectId\":\"nova-tools-app\",\"databaseURL\":\"https://nova-tools-app-default-rtdb.firebaseio.com\",\"storageBucket\":\"nova-tools-app.appspot.com\",\"locationId\":\"us-central\"}","GCLOUD_PROJECT":"nova-tools-app","EVENTARC_CLOUD_EVENT_SOURCE":"projects/nova-tools-app/locations/us-central1/functions/api"},"runtime":"nodejs12","buildId":"f221525e-521c-45ad-99f1-3ccfda704507","buildName":"projects/207953093201/locations/us-central1/builds/f221525e-521c-45ad-99f1-3ccfda704507","dockerRegistry":"ARTIFACT_REGISTRY"},"versionId":"2","updateTime":"2022-12-14T17:09:10Z","buildId":"90e70747-2a25-428d-98c6-3f3e892026a6","buildName":"projects/207953093201/locations/us-central1/builds/90e70747-2a25-428d-98c6-3f3e892026a6"}}
[debug] [2022-12-14T17:09:19.099Z] [update-default-us-central1-api] Retrying task index 0
[debug] [2022-12-14T17:09:19.099Z] >>> [apiv2][query] GET https://cloudfunctions.googleapis.com/v1/operations/bm92YS10b29scy1hcHAvdXMtY2VudHJhbDEvYXBpL3VzeUtWUUhuMWhN [none]
[debug] [2022-12-14T17:09:19.504Z] <<< [apiv2][status] GET https://cloudfunctions.googleapis.com/v1/operations/bm92YS10b29scy1hcHAvdXMtY2VudHJhbDEvYXBpL3VzeUtWUUhuMWhN 200
[debug] [2022-12-14T17:09:19.504Z] <<< [apiv2][body] GET https://cloudfunctions.googleapis.com/v1/operations/bm92YS10b29scy1hcHAvdXMtY2VudHJhbDEvYXBpL3VzeUtWUUhuMWhN {"name":"operations/bm92YS10b29scy1hcHAvdXMtY2VudHJhbDEvYXBpL3VzeUtWUUhuMWhN","metadata":{"@type":"type.googleapis.com/google.cloud.functions.v1.OperationMetadataV1","target":"projects/nova-tools-app/locations/us-central1/functions/api","type":"UPDATE_FUNCTION","request":{"@type":"type.googleapis.com/google.cloud.functions.v1.CloudFunction","name":"projects/nova-tools-app/locations/us-central1/functions/api","httpsTrigger":{"url":"https://us-central1-nova-tools-app.cloudfunctions.net/api","securityLevel":"SECURE_ALWAYS"},"status":"OFFLINE","entryPoint":"api","updateTime":"2022-12-09T21:08:20.544Z","versionId":"1","labels":{"deployment-tool":"cli-firebase","firebase-functions-hash":"4a7217b2d200c3f281422b2fffb83e4b0501aeed"},"sourceUploadUrl":"https://storage.googleapis.com/uploads-769383241299.us-central1.cloudfunctions.appspot.com/38eb39fa-fad6-4b3e-8926-f8f6c8fae38e.zip?GoogleAccessId=service-207953093201@gcf-admin-robot.iam.gserviceaccount.com&Expires=1671039549&Signature=uxfZBMJGviW2YjtMIVlCuHIcCvngIk%2F7XXeKq5GJONsLcGxL7Zf90sg5CrVacAXsjA985Ff3HkLslmtlqT5h4T%2BshXf8JvHS8a3OV6nTPQPnCCTtCtL7oIColo6poNYO45TDNItQ1Narz0YqeYyF6Q9on%2Fu0c7IJfjbUWdKItnApBPQUm8wa2zWtI6MpPg%2BMUe%2BsZcnpp1ASiQoBL51l6oBGUDC0X1elr%2F79tBii4CT%2F6%2B%2Bef9UbwWaXF2A%2B7oV1iZtKzBJbCu5I58kcLoXvhe9OT62KjcWZ3bkqwklLAdJ6Z95H5ISC8uu9kiO95sSbx48NwHxp9I2mki85plQOfw%3D%3D","environmentVariables":{"FIREBASE_CONFIG":"{\"projectId\":\"nova-tools-app\",\"databaseURL\":\"https://nova-tools-app-default-rtdb.firebaseio.com\",\"storageBucket\":\"nova-tools-app.appspot.com\",\"locationId\":\"us-central\"}","GCLOUD_PROJECT":"nova-tools-app","EVENTARC_CLOUD_EVENT_SOURCE":"projects/nova-tools-app/locations/us-central1/functions/api"},"runtime":"nodejs12","buildId":"f221525e-521c-45ad-99f1-3ccfda704507","buildName":"projects/207953093201/locations/us-central1/builds/f221525e-521c-45ad-99f1-3ccfda704507","dockerRegistry":"ARTIFACT_REGISTRY"},"versionId":"2","updateTime":"2022-12-14T17:09:10Z","buildId":"90e70747-2a25-428d-98c6-3f3e892026a6","buildName":"projects/207953093201/locations/us-central1/builds/90e70747-2a25-428d-98c6-3f3e892026a6"}}
[debug] [2022-12-14T17:09:27.506Z] [update-default-us-central1-api] Retrying task index 0
[debug] [2022-12-14T17:09:27.506Z] >>> [apiv2][query] GET https://cloudfunctions.googleapis.com/v1/operations/bm92YS10b29scy1hcHAvdXMtY2VudHJhbDEvYXBpL3VzeUtWUUhuMWhN [none]
[debug] [2022-12-14T17:09:27.730Z] <<< [apiv2][status] GET https://cloudfunctions.googleapis.com/v1/operations/bm92YS10b29scy1hcHAvdXMtY2VudHJhbDEvYXBpL3VzeUtWUUhuMWhN 200
[debug] [2022-12-14T17:09:27.730Z] <<< [apiv2][body] GET https://cloudfunctions.googleapis.com/v1/operations/bm92YS10b29scy1hcHAvdXMtY2VudHJhbDEvYXBpL3VzeUtWUUhuMWhN {"name":"operations/bm92YS10b29scy1hcHAvdXMtY2VudHJhbDEvYXBpL3VzeUtWUUhuMWhN","metadata":{"@type":"type.googleapis.com/google.cloud.functions.v1.OperationMetadataV1","target":"projects/nova-tools-app/locations/us-central1/functions/api","type":"UPDATE_FUNCTION","request":{"@type":"type.googleapis.com/google.cloud.functions.v1.CloudFunction","name":"projects/nova-tools-app/locations/us-central1/functions/api","httpsTrigger":{"url":"https://us-central1-nova-tools-app.cloudfunctions.net/api","securityLevel":"SECURE_ALWAYS"},"status":"OFFLINE","entryPoint":"api","updateTime":"2022-12-09T21:08:20.544Z","versionId":"1","labels":{"deployment-tool":"cli-firebase","firebase-functions-hash":"4a7217b2d200c3f281422b2fffb83e4b0501aeed"},"sourceUploadUrl":"https://storage.googleapis.com/uploads-769383241299.us-central1.cloudfunctions.appspot.com/38eb39fa-fad6-4b3e-8926-f8f6c8fae38e.zip?GoogleAccessId=service-207953093201@gcf-admin-robot.iam.gserviceaccount.com&Expires=1671039549&Signature=uxfZBMJGviW2YjtMIVlCuHIcCvngIk%2F7XXeKq5GJONsLcGxL7Zf90sg5CrVacAXsjA985Ff3HkLslmtlqT5h4T%2BshXf8JvHS8a3OV6nTPQPnCCTtCtL7oIColo6poNYO45TDNItQ1Narz0YqeYyF6Q9on%2Fu0c7IJfjbUWdKItnApBPQUm8wa2zWtI6MpPg%2BMUe%2BsZcnpp1ASiQoBL51l6oBGUDC0X1elr%2F79tBii4CT%2F6%2B%2Bef9UbwWaXF2A%2B7oV1iZtKzBJbCu5I58kcLoXvhe9OT62KjcWZ3bkqwklLAdJ6Z95H5ISC8uu9kiO95sSbx48NwHxp9I2mki85plQOfw%3D%3D","environmentVariables":{"FIREBASE_CONFIG":"{\"projectId\":\"nova-tools-app\",\"databaseURL\":\"https://nova-tools-app-default-rtdb.firebaseio.com\",\"storageBucket\":\"nova-tools-app.appspot.com\",\"locationId\":\"us-central\"}","GCLOUD_PROJECT":"nova-tools-app","EVENTARC_CLOUD_EVENT_SOURCE":"projects/nova-tools-app/locations/us-central1/functions/api"},"runtime":"nodejs12","buildId":"f221525e-521c-45ad-99f1-3ccfda704507","buildName":"projects/207953093201/locations/us-central1/builds/f221525e-521c-45ad-99f1-3ccfda704507","dockerRegistry":"ARTIFACT_REGISTRY"},"versionId":"2","updateTime":"2022-12-14T17:09:10Z","buildId":"90e70747-2a25-428d-98c6-3f3e892026a6","buildName":"projects/207953093201/locations/us-central1/builds/90e70747-2a25-428d-98c6-3f3e892026a6"}}
[debug] [2022-12-14T17:09:37.732Z] [update-default-us-central1-api] Retrying task index 0
[debug] [2022-12-14T17:09:37.732Z] >>> [apiv2][query] GET https://cloudfunctions.googleapis.com/v1/operations/bm92YS10b29scy1hcHAvdXMtY2VudHJhbDEvYXBpL3VzeUtWUUhuMWhN [none]
[debug] [2022-12-14T17:09:38.055Z] <<< [apiv2][status] GET https://cloudfunctions.googleapis.com/v1/operations/bm92YS10b29scy1hcHAvdXMtY2VudHJhbDEvYXBpL3VzeUtWUUhuMWhN 200
[debug] [2022-12-14T17:09:38.056Z] <<< [apiv2][body] GET https://cloudfunctions.googleapis.com/v1/operations/bm92YS10b29scy1hcHAvdXMtY2VudHJhbDEvYXBpL3VzeUtWUUhuMWhN {"name":"operations/bm92YS10b29scy1hcHAvdXMtY2VudHJhbDEvYXBpL3VzeUtWUUhuMWhN","metadata":{"@type":"type.googleapis.com/google.cloud.functions.v1.OperationMetadataV1","target":"projects/nova-tools-app/locations/us-central1/functions/api","type":"UPDATE_FUNCTION","request":{"@type":"type.googleapis.com/google.cloud.functions.v1.CloudFunction","name":"projects/nova-tools-app/locations/us-central1/functions/api","httpsTrigger":{"url":"https://us-central1-nova-tools-app.cloudfunctions.net/api","securityLevel":"SECURE_ALWAYS"},"status":"OFFLINE","entryPoint":"api","updateTime":"2022-12-09T21:08:20.544Z","versionId":"1","labels":{"deployment-tool":"cli-firebase","firebase-functions-hash":"4a7217b2d200c3f281422b2fffb83e4b0501aeed"},"sourceUploadUrl":"https://storage.googleapis.com/uploads-769383241299.us-central1.cloudfunctions.appspot.com/38eb39fa-fad6-4b3e-8926-f8f6c8fae38e.zip?GoogleAccessId=service-207953093201@gcf-admin-robot.iam.gserviceaccount.com&Expires=1671039549&Signature=uxfZBMJGviW2YjtMIVlCuHIcCvngIk%2F7XXeKq5GJONsLcGxL7Zf90sg5CrVacAXsjA985Ff3HkLslmtlqT5h4T%2BshXf8JvHS8a3OV6nTPQPnCCTtCtL7oIColo6poNYO45TDNItQ1Narz0YqeYyF6Q9on%2Fu0c7IJfjbUWdKItnApBPQUm8wa2zWtI6MpPg%2BMUe%2BsZcnpp1ASiQoBL51l6oBGUDC0X1elr%2F79tBii4CT%2F6%2B%2Bef9UbwWaXF2A%2B7oV1iZtKzBJbCu5I58kcLoXvhe9OT62KjcWZ3bkqwklLAdJ6Z95H5ISC8uu9kiO95sSbx48NwHxp9I2mki85plQOfw%3D%3D","environmentVariables":{"FIREBASE_CONFIG":"{\"projectId\":\"nova-tools-app\",\"databaseURL\":\"https://nova-tools-app-default-rtdb.firebaseio.com\",\"storageBucket\":\"nova-tools-app.appspot.com\",\"locationId\":\"us-central\"}","GCLOUD_PROJECT":"nova-tools-app","EVENTARC_CLOUD_EVENT_SOURCE":"projects/nova-tools-app/locations/us-central1/functions/api"},"runtime":"nodejs12","buildId":"f221525e-521c-45ad-99f1-3ccfda704507","buildName":"projects/207953093201/locations/us-central1/builds/f221525e-521c-45ad-99f1-3ccfda704507","dockerRegistry":"ARTIFACT_REGISTRY"},"versionId":"2","updateTime":"2022-12-14T17:09:10Z","buildId":"90e70747-2a25-428d-98c6-3f3e892026a6","buildName":"projects/207953093201/locations/us-central1/builds/90e70747-2a25-428d-98c6-3f3e892026a6"}}
[debug] [2022-12-14T17:09:48.056Z] [update-default-us-central1-api] Retrying task index 0
[debug] [2022-12-14T17:09:48.058Z] >>> [apiv2][query] GET https://cloudfunctions.googleapis.com/v1/operations/bm92YS10b29scy1hcHAvdXMtY2VudHJhbDEvYXBpL3VzeUtWUUhuMWhN [none]
[debug] [2022-12-14T17:09:48.257Z] <<< [apiv2][status] GET https://cloudfunctions.googleapis.com/v1/operations/bm92YS10b29scy1hcHAvdXMtY2VudHJhbDEvYXBpL3VzeUtWUUhuMWhN 200
[debug] [2022-12-14T17:09:48.257Z] <<< [apiv2][body] GET https://cloudfunctions.googleapis.com/v1/operations/bm92YS10b29scy1hcHAvdXMtY2VudHJhbDEvYXBpL3VzeUtWUUhuMWhN {"name":"operations/bm92YS10b29scy1hcHAvdXMtY2VudHJhbDEvYXBpL3VzeUtWUUhuMWhN","metadata":{"@type":"type.googleapis.com/google.cloud.functions.v1.OperationMetadataV1","target":"projects/nova-tools-app/locations/us-central1/functions/api","type":"UPDATE_FUNCTION","request":{"@type":"type.googleapis.com/google.cloud.functions.v1.CloudFunction","name":"projects/nova-tools-app/locations/us-central1/functions/api","httpsTrigger":{"url":"https://us-central1-nova-tools-app.cloudfunctions.net/api","securityLevel":"SECURE_ALWAYS"},"status":"OFFLINE","entryPoint":"api","updateTime":"2022-12-09T21:08:20.544Z","versionId":"1","labels":{"deployment-tool":"cli-firebase","firebase-functions-hash":"4a7217b2d200c3f281422b2fffb83e4b0501aeed"},"sourceUploadUrl":"https://storage.googleapis.com/uploads-769383241299.us-central1.cloudfunctions.appspot.com/38eb39fa-fad6-4b3e-8926-f8f6c8fae38e.zip?GoogleAccessId=service-207953093201@gcf-admin-robot.iam.gserviceaccount.com&Expires=1671039549&Signature=uxfZBMJGviW2YjtMIVlCuHIcCvngIk%2F7XXeKq5GJONsLcGxL7Zf90sg5CrVacAXsjA985Ff3HkLslmtlqT5h4T%2BshXf8JvHS8a3OV6nTPQPnCCTtCtL7oIColo6poNYO45TDNItQ1Narz0YqeYyF6Q9on%2Fu0c7IJfjbUWdKItnApBPQUm8wa2zWtI6MpPg%2BMUe%2BsZcnpp1ASiQoBL51l6oBGUDC0X1elr%2F79tBii4CT%2F6%2B%2Bef9UbwWaXF2A%2B7oV1iZtKzBJbCu5I58kcLoXvhe9OT62KjcWZ3bkqwklLAdJ6Z95H5ISC8uu9kiO95sSbx48NwHxp9I2mki85plQOfw%3D%3D","environmentVariables":{"FIREBASE_CONFIG":"{\"projectId\":\"nova-tools-app\",\"databaseURL\":\"https://nova-tools-app-default-rtdb.firebaseio.com\",\"storageBucket\":\"nova-tools-app.appspot.com\",\"locationId\":\"us-central\"}","GCLOUD_PROJECT":"nova-tools-app","EVENTARC_CLOUD_EVENT_SOURCE":"projects/nova-tools-app/locations/us-central1/functions/api"},"runtime":"nodejs12","buildId":"f221525e-521c-45ad-99f1-3ccfda704507","buildName":"projects/207953093201/locations/us-central1/builds/f221525e-521c-45ad-99f1-3ccfda704507","dockerRegistry":"ARTIFACT_REGISTRY"},"versionId":"2","updateTime":"2022-12-14T17:09:10Z","buildId":"90e70747-2a25-428d-98c6-3f3e892026a6","buildName":"projects/207953093201/locations/us-central1/builds/90e70747-2a25-428d-98c6-3f3e892026a6"}}
[debug] [2022-12-14T17:09:58.259Z] [update-default-us-central1-api] Retrying task index 0
[debug] [2022-12-14T17:09:58.259Z] >>> [apiv2][query] GET https://cloudfunctions.googleapis.com/v1/operations/bm92YS10b29scy1hcHAvdXMtY2VudHJhbDEvYXBpL3VzeUtWUUhuMWhN [none]
[debug] [2022-12-14T17:09:58.472Z] <<< [apiv2][status] GET https://cloudfunctions.googleapis.com/v1/operations/bm92YS10b29scy1hcHAvdXMtY2VudHJhbDEvYXBpL3VzeUtWUUhuMWhN 200
[debug] [2022-12-14T17:09:58.472Z] <<< [apiv2][body] GET https://cloudfunctions.googleapis.com/v1/operations/bm92YS10b29scy1hcHAvdXMtY2VudHJhbDEvYXBpL3VzeUtWUUhuMWhN {"name":"operations/bm92YS10b29scy1hcHAvdXMtY2VudHJhbDEvYXBpL3VzeUtWUUhuMWhN","metadata":{"@type":"type.googleapis.com/google.cloud.functions.v1.OperationMetadataV1","target":"projects/nova-tools-app/locations/us-central1/functions/api","type":"UPDATE_FUNCTION","request":{"@type":"type.googleapis.com/google.cloud.functions.v1.CloudFunction","name":"projects/nova-tools-app/locations/us-central1/functions/api","httpsTrigger":{"url":"https://us-central1-nova-tools-app.cloudfunctions.net/api","securityLevel":"SECURE_ALWAYS"},"status":"OFFLINE","entryPoint":"api","updateTime":"2022-12-09T21:08:20.544Z","versionId":"1","labels":{"deployment-tool":"cli-firebase","firebase-functions-hash":"4a7217b2d200c3f281422b2fffb83e4b0501aeed"},"sourceUploadUrl":"https://storage.googleapis.com/uploads-769383241299.us-central1.cloudfunctions.appspot.com/38eb39fa-fad6-4b3e-8926-f8f6c8fae38e.zip?GoogleAccessId=service-207953093201@gcf-admin-robot.iam.gserviceaccount.com&Expires=1671039549&Signature=uxfZBMJGviW2YjtMIVlCuHIcCvngIk%2F7XXeKq5GJONsLcGxL7Zf90sg5CrVacAXsjA985Ff3HkLslmtlqT5h4T%2BshXf8JvHS8a3OV6nTPQPnCCTtCtL7oIColo6poNYO45TDNItQ1Narz0YqeYyF6Q9on%2Fu0c7IJfjbUWdKItnApBPQUm8wa2zWtI6MpPg%2BMUe%2BsZcnpp1ASiQoBL51l6oBGUDC0X1elr%2F79tBii4CT%2F6%2B%2Bef9UbwWaXF2A%2B7oV1iZtKzBJbCu5I58kcLoXvhe9OT62KjcWZ3bkqwklLAdJ6Z95H5ISC8uu9kiO95sSbx48NwHxp9I2mki85plQOfw%3D%3D","environmentVariables":{"FIREBASE_CONFIG":"{\"projectId\":\"nova-tools-app\",\"databaseURL\":\"https://nova-tools-app-default-rtdb.firebaseio.com\",\"storageBucket\":\"nova-tools-app.appspot.com\",\"locationId\":\"us-central\"}","GCLOUD_PROJECT":"nova-tools-app","EVENTARC_CLOUD_EVENT_SOURCE":"projects/nova-tools-app/locations/us-central1/functions/api"},"runtime":"nodejs12","buildId":"f221525e-521c-45ad-99f1-3ccfda704507","buildName":"projects/207953093201/locations/us-central1/builds/f221525e-521c-45ad-99f1-3ccfda704507","dockerRegistry":"ARTIFACT_REGISTRY"},"versionId":"2","updateTime":"2022-12-14T17:09:10Z","buildId":"90e70747-2a25-428d-98c6-3f3e892026a6","buildName":"projects/207953093201/locations/us-central1/builds/90e70747-2a25-428d-98c6-3f3e892026a6"}}
[debug] [2022-12-14T17:10:08.474Z] [update-default-us-central1-api] Retrying task index 0
[debug] [2022-12-14T17:10:08.474Z] >>> [apiv2][query] GET https://cloudfunctions.googleapis.com/v1/operations/bm92YS10b29scy1hcHAvdXMtY2VudHJhbDEvYXBpL3VzeUtWUUhuMWhN [none]
[debug] [2022-12-14T17:10:08.687Z] <<< [apiv2][status] GET https://cloudfunctions.googleapis.com/v1/operations/bm92YS10b29scy1hcHAvdXMtY2VudHJhbDEvYXBpL3VzeUtWUUhuMWhN 200
[debug] [2022-12-14T17:10:08.688Z] <<< [apiv2][body] GET https://cloudfunctions.googleapis.com/v1/operations/bm92YS10b29scy1hcHAvdXMtY2VudHJhbDEvYXBpL3VzeUtWUUhuMWhN {"name":"operations/bm92YS10b29scy1hcHAvdXMtY2VudHJhbDEvYXBpL3VzeUtWUUhuMWhN","metadata":{"@type":"type.googleapis.com/google.cloud.functions.v1.OperationMetadataV1","target":"projects/nova-tools-app/locations/us-central1/functions/api","type":"UPDATE_FUNCTION","request":{"@type":"type.googleapis.com/google.cloud.functions.v1.CloudFunction","name":"projects/nova-tools-app/locations/us-central1/functions/api","httpsTrigger":{"url":"https://us-central1-nova-tools-app.cloudfunctions.net/api","securityLevel":"SECURE_ALWAYS"},"status":"OFFLINE","entryPoint":"api","updateTime":"2022-12-09T21:08:20.544Z","versionId":"1","labels":{"deployment-tool":"cli-firebase","firebase-functions-hash":"4a7217b2d200c3f281422b2fffb83e4b0501aeed"},"sourceUploadUrl":"https://storage.googleapis.com/uploads-769383241299.us-central1.cloudfunctions.appspot.com/38eb39fa-fad6-4b3e-8926-f8f6c8fae38e.zip?GoogleAccessId=service-207953093201@gcf-admin-robot.iam.gserviceaccount.com&Expires=1671039549&Signature=uxfZBMJGviW2YjtMIVlCuHIcCvngIk%2F7XXeKq5GJONsLcGxL7Zf90sg5CrVacAXsjA985Ff3HkLslmtlqT5h4T%2BshXf8JvHS8a3OV6nTPQPnCCTtCtL7oIColo6poNYO45TDNItQ1Narz0YqeYyF6Q9on%2Fu0c7IJfjbUWdKItnApBPQUm8wa2zWtI6MpPg%2BMUe%2BsZcnpp1ASiQoBL51l6oBGUDC0X1elr%2F79tBii4CT%2F6%2B%2Bef9UbwWaXF2A%2B7oV1iZtKzBJbCu5I58kcLoXvhe9OT62KjcWZ3bkqwklLAdJ6Z95H5ISC8uu9kiO95sSbx48NwHxp9I2mki85plQOfw%3D%3D","environmentVariables":{"FIREBASE_CONFIG":"{\"projectId\":\"nova-tools-app\",\"databaseURL\":\"https://nova-tools-app-default-rtdb.firebaseio.com\",\"storageBucket\":\"nova-tools-app.appspot.com\",\"locationId\":\"us-central\"}","GCLOUD_PROJECT":"nova-tools-app","EVENTARC_CLOUD_EVENT_SOURCE":"projects/nova-tools-app/locations/us-central1/functions/api"},"runtime":"nodejs12","buildId":"f221525e-521c-45ad-99f1-3ccfda704507","buildName":"projects/207953093201/locations/us-central1/builds/f221525e-521c-45ad-99f1-3ccfda704507","dockerRegistry":"ARTIFACT_REGISTRY"},"versionId":"2","updateTime":"2022-12-14T17:09:10Z","buildId":"90e70747-2a25-428d-98c6-3f3e892026a6","buildName":"projects/207953093201/locations/us-central1/builds/90e70747-2a25-428d-98c6-3f3e892026a6"}}
[debug] [2022-12-14T17:10:18.688Z] [update-default-us-central1-api] Retrying task index 0
[debug] [2022-12-14T17:10:18.688Z] >>> [apiv2][query] GET https://cloudfunctions.googleapis.com/v1/operations/bm92YS10b29scy1hcHAvdXMtY2VudHJhbDEvYXBpL3VzeUtWUUhuMWhN [none]
[debug] [2022-12-14T17:10:18.873Z] <<< [apiv2][status] GET https://cloudfunctions.googleapis.com/v1/operations/bm92YS10b29scy1hcHAvdXMtY2VudHJhbDEvYXBpL3VzeUtWUUhuMWhN 200
[debug] [2022-12-14T17:10:18.873Z] <<< [apiv2][body] GET https://cloudfunctions.googleapis.com/v1/operations/bm92YS10b29scy1hcHAvdXMtY2VudHJhbDEvYXBpL3VzeUtWUUhuMWhN {"name":"operations/bm92YS10b29scy1hcHAvdXMtY2VudHJhbDEvYXBpL3VzeUtWUUhuMWhN","metadata":{"@type":"type.googleapis.com/google.cloud.functions.v1.OperationMetadataV1","target":"projects/nova-tools-app/locations/us-central1/functions/api","type":"UPDATE_FUNCTION","request":{"@type":"type.googleapis.com/google.cloud.functions.v1.CloudFunction","name":"projects/nova-tools-app/locations/us-central1/functions/api","httpsTrigger":{"url":"https://us-central1-nova-tools-app.cloudfunctions.net/api","securityLevel":"SECURE_ALWAYS"},"status":"OFFLINE","entryPoint":"api","updateTime":"2022-12-09T21:08:20.544Z","versionId":"1","labels":{"deployment-tool":"cli-firebase","firebase-functions-hash":"4a7217b2d200c3f281422b2fffb83e4b0501aeed"},"sourceUploadUrl":"https://storage.googleapis.com/uploads-769383241299.us-central1.cloudfunctions.appspot.com/38eb39fa-fad6-4b3e-8926-f8f6c8fae38e.zip?GoogleAccessId=service-207953093201@gcf-admin-robot.iam.gserviceaccount.com&Expires=1671039549&Signature=uxfZBMJGviW2YjtMIVlCuHIcCvngIk%2F7XXeKq5GJONsLcGxL7Zf90sg5CrVacAXsjA985Ff3HkLslmtlqT5h4T%2BshXf8JvHS8a3OV6nTPQPnCCTtCtL7oIColo6poNYO45TDNItQ1Narz0YqeYyF6Q9on%2Fu0c7IJfjbUWdKItnApBPQUm8wa2zWtI6MpPg%2BMUe%2BsZcnpp1ASiQoBL51l6oBGUDC0X1elr%2F79tBii4CT%2F6%2B%2Bef9UbwWaXF2A%2B7oV1iZtKzBJbCu5I58kcLoXvhe9OT62KjcWZ3bkqwklLAdJ6Z95H5ISC8uu9kiO95sSbx48NwHxp9I2mki85plQOfw%3D%3D","environmentVariables":{"FIREBASE_CONFIG":"{\"projectId\":\"nova-tools-app\",\"databaseURL\":\"https://nova-tools-app-default-rtdb.firebaseio.com\",\"storageBucket\":\"nova-tools-app.appspot.com\",\"locationId\":\"us-central\"}","GCLOUD_PROJECT":"nova-tools-app","EVENTARC_CLOUD_EVENT_SOURCE":"projects/nova-tools-app/locations/us-central1/functions/api"},"runtime":"nodejs12","buildId":"f221525e-521c-45ad-99f1-3ccfda704507","buildName":"projects/207953093201/locations/us-central1/builds/f221525e-521c-45ad-99f1-3ccfda704507","dockerRegistry":"ARTIFACT_REGISTRY"},"versionId":"2","updateTime":"2022-12-14T17:09:10Z","buildId":"90e70747-2a25-428d-98c6-3f3e892026a6","sourceToken":"adb8beca-939f-41f7-9457-2cfe7d89400d","buildName":"projects/207953093201/locations/us-central1/builds/90e70747-2a25-428d-98c6-3f3e892026a6"}}
[debug] [2022-12-14T17:10:18.873Z] Got source token adb8beca-939f-41f7-9457-2cfe7d89400d for region us-central1
[debug] [2022-12-14T17:10:28.873Z] [update-default-us-central1-api] Retrying task index 0
[debug] [2022-12-14T17:10:28.874Z] >>> [apiv2][query] GET https://cloudfunctions.googleapis.com/v1/operations/bm92YS10b29scy1hcHAvdXMtY2VudHJhbDEvYXBpL3VzeUtWUUhuMWhN [none]
[debug] [2022-12-14T17:10:29.132Z] <<< [apiv2][status] GET https://cloudfunctions.googleapis.com/v1/operations/bm92YS10b29scy1hcHAvdXMtY2VudHJhbDEvYXBpL3VzeUtWUUhuMWhN 200
[debug] [2022-12-14T17:10:29.132Z] <<< [apiv2][body] GET https://cloudfunctions.googleapis.com/v1/operations/bm92YS10b29scy1hcHAvdXMtY2VudHJhbDEvYXBpL3VzeUtWUUhuMWhN {"name":"operations/bm92YS10b29scy1hcHAvdXMtY2VudHJhbDEvYXBpL3VzeUtWUUhuMWhN","metadata":{"@type":"type.googleapis.com/google.cloud.functions.v1.OperationMetadataV1","target":"projects/nova-tools-app/locations/us-central1/functions/api","type":"UPDATE_FUNCTION","request":{"@type":"type.googleapis.com/google.cloud.functions.v1.CloudFunction","name":"projects/nova-tools-app/locations/us-central1/functions/api","httpsTrigger":{"url":"https://us-central1-nova-tools-app.cloudfunctions.net/api","securityLevel":"SECURE_ALWAYS"},"status":"OFFLINE","entryPoint":"api","updateTime":"2022-12-09T21:08:20.544Z","versionId":"1","labels":{"deployment-tool":"cli-firebase","firebase-functions-hash":"4a7217b2d200c3f281422b2fffb83e4b0501aeed"},"sourceUploadUrl":"https://storage.googleapis.com/uploads-769383241299.us-central1.cloudfunctions.appspot.com/38eb39fa-fad6-4b3e-8926-f8f6c8fae38e.zip?GoogleAccessId=service-207953093201@gcf-admin-robot.iam.gserviceaccount.com&Expires=1671039549&Signature=uxfZBMJGviW2YjtMIVlCuHIcCvngIk%2F7XXeKq5GJONsLcGxL7Zf90sg5CrVacAXsjA985Ff3HkLslmtlqT5h4T%2BshXf8JvHS8a3OV6nTPQPnCCTtCtL7oIColo6poNYO45TDNItQ1Narz0YqeYyF6Q9on%2Fu0c7IJfjbUWdKItnApBPQUm8wa2zWtI6MpPg%2BMUe%2BsZcnpp1ASiQoBL51l6oBGUDC0X1elr%2F79tBii4CT%2F6%2B%2Bef9UbwWaXF2A%2B7oV1iZtKzBJbCu5I58kcLoXvhe9OT62KjcWZ3bkqwklLAdJ6Z95H5ISC8uu9kiO95sSbx48NwHxp9I2mki85plQOfw%3D%3D","environmentVariables":{"FIREBASE_CONFIG":"{\"projectId\":\"nova-tools-app\",\"databaseURL\":\"https://nova-tools-app-default-rtdb.firebaseio.com\",\"storageBucket\":\"nova-tools-app.appspot.com\",\"locationId\":\"us-central\"}","GCLOUD_PROJECT":"nova-tools-app","EVENTARC_CLOUD_EVENT_SOURCE":"projects/nova-tools-app/locations/us-central1/functions/api"},"runtime":"nodejs12","buildId":"f221525e-521c-45ad-99f1-3ccfda704507","buildName":"projects/207953093201/locations/us-central1/builds/f221525e-521c-45ad-99f1-3ccfda704507","dockerRegistry":"ARTIFACT_REGISTRY"},"versionId":"2","updateTime":"2022-12-14T17:09:10Z","buildId":"90e70747-2a25-428d-98c6-3f3e892026a6","sourceToken":"adb8beca-939f-41f7-9457-2cfe7d89400d","buildName":"projects/207953093201/locations/us-central1/builds/90e70747-2a25-428d-98c6-3f3e892026a6"}}
[debug] [2022-12-14T17:10:29.132Z] Got source token adb8beca-939f-41f7-9457-2cfe7d89400d for region us-central1
[debug] [2022-12-14T17:10:39.133Z] [update-default-us-central1-api] Retrying task index 0
[debug] [2022-12-14T17:10:39.133Z] >>> [apiv2][query] GET https://cloudfunctions.googleapis.com/v1/operations/bm92YS10b29scy1hcHAvdXMtY2VudHJhbDEvYXBpL3VzeUtWUUhuMWhN [none]
[debug] [2022-12-14T17:10:39.387Z] <<< [apiv2][status] GET https://cloudfunctions.googleapis.com/v1/operations/bm92YS10b29scy1hcHAvdXMtY2VudHJhbDEvYXBpL3VzeUtWUUhuMWhN 200
[debug] [2022-12-14T17:10:39.387Z] <<< [apiv2][body] GET https://cloudfunctions.googleapis.com/v1/operations/bm92YS10b29scy1hcHAvdXMtY2VudHJhbDEvYXBpL3VzeUtWUUhuMWhN {"name":"operations/bm92YS10b29scy1hcHAvdXMtY2VudHJhbDEvYXBpL3VzeUtWUUhuMWhN","metadata":{"@type":"type.googleapis.com/google.cloud.functions.v1.OperationMetadataV1","target":"projects/nova-tools-app/locations/us-central1/functions/api","type":"UPDATE_FUNCTION","request":{"@type":"type.googleapis.com/google.cloud.functions.v1.CloudFunction","name":"projects/nova-tools-app/locations/us-central1/functions/api","httpsTrigger":{"url":"https://us-central1-nova-tools-app.cloudfunctions.net/api","securityLevel":"SECURE_ALWAYS"},"status":"OFFLINE","entryPoint":"api","updateTime":"2022-12-09T21:08:20.544Z","versionId":"1","labels":{"deployment-tool":"cli-firebase","firebase-functions-hash":"4a7217b2d200c3f281422b2fffb83e4b0501aeed"},"sourceUploadUrl":"https://storage.googleapis.com/uploads-769383241299.us-central1.cloudfunctions.appspot.com/38eb39fa-fad6-4b3e-8926-f8f6c8fae38e.zip?GoogleAccessId=service-207953093201@gcf-admin-robot.iam.gserviceaccount.com&Expires=1671039549&Signature=uxfZBMJGviW2YjtMIVlCuHIcCvngIk%2F7XXeKq5GJONsLcGxL7Zf90sg5CrVacAXsjA985Ff3HkLslmtlqT5h4T%2BshXf8JvHS8a3OV6nTPQPnCCTtCtL7oIColo6poNYO45TDNItQ1Narz0YqeYyF6Q9on%2Fu0c7IJfjbUWdKItnApBPQUm8wa2zWtI6MpPg%2BMUe%2BsZcnpp1ASiQoBL51l6oBGUDC0X1elr%2F79tBii4CT%2F6%2B%2Bef9UbwWaXF2A%2B7oV1iZtKzBJbCu5I58kcLoXvhe9OT62KjcWZ3bkqwklLAdJ6Z95H5ISC8uu9kiO95sSbx48NwHxp9I2mki85plQOfw%3D%3D","environmentVariables":{"FIREBASE_CONFIG":"{\"projectId\":\"nova-tools-app\",\"databaseURL\":\"https://nova-tools-app-default-rtdb.firebaseio.com\",\"storageBucket\":\"nova-tools-app.appspot.com\",\"locationId\":\"us-central\"}","GCLOUD_PROJECT":"nova-tools-app","EVENTARC_CLOUD_EVENT_SOURCE":"projects/nova-tools-app/locations/us-central1/functions/api"},"runtime":"nodejs12","buildId":"f221525e-521c-45ad-99f1-3ccfda704507","buildName":"projects/207953093201/locations/us-central1/builds/f221525e-521c-45ad-99f1-3ccfda704507","dockerRegistry":"ARTIFACT_REGISTRY"},"versionId":"2","updateTime":"2022-12-14T17:10:38Z","buildId":"90e70747-2a25-428d-98c6-3f3e892026a6","sourceToken":"adb8beca-939f-41f7-9457-2cfe7d89400d","buildName":"projects/207953093201/locations/us-central1/builds/90e70747-2a25-428d-98c6-3f3e892026a6"},"done":true,"error":{"code":3,"message":"Function failed on loading user code. This is likely due to a bug in the user code. Error message: Error: please examine your function logs to see the error cause: https://cloud.google.com/functions/docs/monitoring/logging#viewing_logs. Additional troubleshooting documentation can be found at https://cloud.google.com/functions/docs/troubleshooting#logging. Please visit https://cloud.google.com/functions/docs/troubleshooting for in-depth troubleshooting documentation."}}
[debug] [2022-12-14T17:10:39.387Z] Got source token adb8beca-939f-41f7-9457-2cfe7d89400d for region us-central1
[error] Function failed on loading user code. This is likely due to a bug in the user code. Error message: Error: please examine your function logs to see the error cause: https://cloud.google.com/functions/docs/monitoring/logging#viewing_logs. Additional troubleshooting documentation can be found at https://cloud.google.com/functions/docs/troubleshooting#logging. Please visit https://cloud.google.com/functions/docs/troubleshooting for in-depth troubleshooting documentation.
[debug] [2022-12-14T17:10:39.391Z] Total Function Deployment time: 89959
[debug] [2022-12-14T17:10:39.391Z] 1 Functions Deployed
[debug] [2022-12-14T17:10:39.391Z] 1 Functions Errored
[debug] [2022-12-14T17:10:39.391Z] 0 Function Deployments Aborted
[debug] [2022-12-14T17:10:39.391Z] Average Function Deployment time: 89959
[info] 
[info] Functions deploy had errors with the following functions:
	api(us-central1)
[debug] [2022-12-14T17:10:39.718Z] Not printing URL for HTTPS function. Typically this means it didn't match a filter or we failed deployment
[info] i  functions: cleaning up build files... 
[debug] [2022-12-14T17:10:39.720Z] >>> [apiv2][query] DELETE https://artifactregistry.googleapis.com/v1beta2/projects/nova-tools-app/locations/us-central1/repositories/gcf-artifacts/packages/api [none]
[debug] [2022-12-14T17:10:39.721Z] >>> [apiv2][query] GET https://us.gcr.io/v2/nova-tools-app/gcf/us-central1/tags/list [none]
[debug] [2022-12-14T17:10:40.061Z] <<< [apiv2][status] GET https://us.gcr.io/v2/nova-tools-app/gcf/us-central1/tags/list 200
[debug] [2022-12-14T17:10:40.061Z] <<< [apiv2][body] GET https://us.gcr.io/v2/nova-tools-app/gcf/us-central1/tags/list {"child":[],"manifest":{},"name":"nova-tools-app/gcf/us-central1","tags":[]}
[debug] [2022-12-14T17:10:40.062Z] Could not find image for function projects/nova-tools-app/locations/us-central1/functions/api
[debug] [2022-12-14T17:10:40.202Z] <<< [apiv2][status] DELETE https://artifactregistry.googleapis.com/v1beta2/projects/nova-tools-app/locations/us-central1/repositories/gcf-artifacts/packages/api 200
[debug] [2022-12-14T17:10:40.202Z] <<< [apiv2][body] DELETE https://artifactregistry.googleapis.com/v1beta2/projects/nova-tools-app/locations/us-central1/repositories/gcf-artifacts/packages/api {"name":"projects/nova-tools-app/locations/us-central1/operations/1129e2cc-dc04-4e1f-bd81-56f21bdd791d","metadata":{"@type":"type.googleapis.com/google.devtools.artifactregistry.v1beta2.OperationMetadata"}}
[debug] [2022-12-14T17:10:40.203Z] >>> [apiv2][query] GET https://artifactregistry.googleapis.com/v1beta2/projects/nova-tools-app/locations/us-central1/operations/1129e2cc-dc04-4e1f-bd81-56f21bdd791d [none]
[debug] [2022-12-14T17:10:40.434Z] <<< [apiv2][status] GET https://artifactregistry.googleapis.com/v1beta2/projects/nova-tools-app/locations/us-central1/operations/1129e2cc-dc04-4e1f-bd81-56f21bdd791d 200
[debug] [2022-12-14T17:10:40.434Z] <<< [apiv2][body] GET https://artifactregistry.googleapis.com/v1beta2/projects/nova-tools-app/locations/us-central1/operations/1129e2cc-dc04-4e1f-bd81-56f21bdd791d {"name":"projects/nova-tools-app/locations/us-central1/operations/1129e2cc-dc04-4e1f-bd81-56f21bdd791d","metadata":{"@type":"type.googleapis.com/google.devtools.artifactregistry.v1beta2.OperationMetadata"},"done":true,"response":{"@type":"type.googleapis.com/google.protobuf.Empty"}}
[debug] [2022-12-14T17:10:40.434Z] Functions deploy failed.
[debug] [2022-12-14T17:10:40.434Z] {
  "endpoint": {
    "id": "api",
    "project": "nova-tools-app",
    "region": "us-central1",
    "entryPoint": "api",
    "platform": "gcfv1",
    "runtime": "nodejs12",
    "httpsTrigger": {},
    "serviceAccount": null,
    "ingressSettings": null,
    "availableMemoryMb": null,
    "timeoutSeconds": null,
    "maxInstances": null,
    "minInstances": null,
    "vpc": null,
    "environmentVariables": {
      "FIREBASE_CONFIG": "{\"projectId\":\"nova-tools-app\",\"databaseURL\":\"https://nova-tools-app-default-rtdb.firebaseio.com\",\"storageBucket\":\"nova-tools-app.appspot.com\",\"locationId\":\"us-central\"}",
      "GCLOUD_PROJECT": "nova-tools-app",
      "EVENTARC_CLOUD_EVENT_SOURCE": "projects/nova-tools-app/locations/us-central1/functions/api"
    },
    "codebase": "default",
    "securityLevel": "SECURE_ALWAYS",
    "targetedByOnly": false,
    "hash": "4a7217b2d200c3f281422b2fffb83e4b0501aeed",
    "labels": {
      "deployment-tool": "cli-firebase"
    }
  },
  "op": "update",
  "original": {
    "name": "FirebaseError",
    "children": [],
    "exit": 1,
    "message": "Function failed on loading user code. This is likely due to a bug in the user code. Error message: Error: please examine your function logs to see the error cause: https://cloud.google.com/functions/docs/monitoring/logging#viewing_logs. Additional troubleshooting documentation can be found at https://cloud.google.com/functions/docs/troubleshooting#logging. Please visit https://cloud.google.com/functions/docs/troubleshooting for in-depth troubleshooting documentation.",
    "status": 3
  }
}
[debug] [2022-12-14T17:10:40.762Z] Error: Failed to update function api in region us-central1
    at /usr/local/lib/node_modules/firebase-tools/lib/deploy/functions/release/fabricator.js:41:11
    at processTicksAndRejections (node:internal/process/task_queues:96:5)
    at async Fabricator.updateV1Function (/usr/local/lib/node_modules/firebase-tools/lib/deploy/functions/release/fabricator.js:304:32)
    at async Fabricator.updateEndpoint (/usr/local/lib/node_modules/firebase-tools/lib/deploy/functions/release/fabricator.js:140:13)
    at async handle (/usr/local/lib/node_modules/firebase-tools/lib/deploy/functions/release/fabricator.js:78:17)
[error] 
[error] Error: There was an error deploying functions
